TN:
SF:lib/application/picture_form/picture_form_state.dart
FNF:0
FNH:0
DA:5,2
DA:7,5
DA:9,5
DA:11,5
DA:13,5
DA:15,2
DA:18,5
LF:7
LH:7
end_of_record
TN:
SF:lib/application/picture_provider/picture_provider.dart
FNF:0
FNH:0
DA:11,2
DA:15,1
DA:16,3
DA:17,1
DA:18,1
DA:19,2
DA:22,1
DA:23,3
DA:24,2
DA:25,1
DA:26,2
DA:27,2
DA:29,1
DA:30,1
DA:31,1
DA:33,1
DA:40,4
DA:41,1
LF:18
LH:18
end_of_record
TN:
SF:lib/domain/models/saved_picture.dart
FNF:0
FNH:0
DA:16,2
LF:1
LH:1
end_of_record
TN:
SF:lib/domain/models/saved_picture.g.dart
FNF:0
FNH:0
DA:9,1
DA:10,1
DA:11,1
DA:12,1
DA:13,1
DA:14,1
DA:15,1
DA:18,1
DA:19,1
DA:21,1
DA:23,1
DA:27,2
DA:28,2
DA:29,2
DA:30,2
DA:31,2
LF:16
LH:16
end_of_record
TN:
SF:lib/infrastructure/picture_repository.dart
FNF:0
FNH:0
DA:12,1
DA:22,1
DA:25,2
DA:26,1
DA:27,1
DA:29,2
DA:30,1
DA:31,2
DA:32,2
DA:34,1
DA:35,1
DA:36,1
DA:41,2
DA:44,1
DA:47,1
DA:50,1
DA:51,2
DA:52,4
DA:54,1
DA:55,1
DA:57,2
DA:59,2
DA:65,1
DA:68,3
DA:69,1
DA:70,3
DA:71,1
DA:75,2
LF:28
LH:28
end_of_record
