TN:
SF:lib/application/picture_form/picture_form_state.dart
FNF:0
FNH:0
DA:5,2
DA:7,5
DA:9,5
DA:11,5
DA:13,5
DA:15,2
DA:18,5
LF:7
LH:7
end_of_record
TN:
SF:lib/application/picture_provider/picture_provider.dart
FNF:0
FNH:0
DA:11,2
DA:15,1
DA:16,3
DA:17,1
DA:18,1
DA:19,2
DA:22,1
DA:23,3
DA:24,2
DA:25,1
DA:26,2
DA:27,2
DA:29,1
DA:30,1
DA:31,1
DA:33,1
DA:40,4
DA:41,1
LF:18
LH:18
end_of_record
TN:
SF:lib/domain/models/saved_picture.dart
FNF:0
FNH:0
DA:16,0
LF:1
LH:0
end_of_record
TN:
SF:lib/domain/models/saved_picture.g.dart
FNF:0
FNH:0
DA:9,0
DA:10,0
DA:11,0
DA:12,0
DA:13,0
DA:14,0
DA:15,0
DA:18,0
DA:19,0
DA:21,0
DA:23,0
DA:27,0
DA:28,0
DA:29,0
DA:30,0
DA:31,0
LF:16
LH:0
end_of_record
TN:
SF:lib/infrastructure/picture_repository.dart
FNF:0
FNH:0
DA:12,0
DA:22,0
DA:26,0
DA:27,0
DA:28,0
DA:30,0
DA:31,0
DA:32,0
DA:33,0
DA:35,0
DA:36,0
DA:37,0
DA:42,0
DA:45,0
DA:48,0
DA:51,0
DA:52,0
DA:53,0
DA:55,0
DA:57,0
DA:59,0
DA:65,0
DA:69,0
DA:70,0
DA:71,0
DA:72,0
DA:76,0
LF:27
LH:0
end_of_record
